[11-Feb-2018 15:06:33 UTC] PHP Fatal error:  Uncaught Error: Call to undefined function print_c() in /home/sx/githube-repos/php/php-mysql.php:17
Stack trace:
#0 {main}
  thrown in /home/sx/githube-repos/php/php-mysql.php on line 17
[11-Feb-2018 15:07:40 UTC] PHP Notice:  Undefined index: ID in /home/sx/githube-repos/php/php-mysql.php on line 17
[11-Feb-2018 19:02:59 UTC] PHP Fatal error:  Uncaught Error: Call to undefined function errorCode() in /home/sx/githube-repos/php/php-mysql.php:32
Stack trace:
#0 {main}
  thrown in /home/sx/githube-repos/php/php-mysql.php on line 32
[11-Feb-2018 19:03:53 UTC] PHP Fatal error:  Uncaught Error: Call to undefined function errorCode() in /home/sx/githube-repos/php/php-mysql.php:32
Stack trace:
#0 {main}
  thrown in /home/sx/githube-repos/php/php-mysql.php on line 32
[11-Feb-2018 19:04:55 UTC] PHP Fatal error:  Uncaught Error: Call to undefined function errorCode() in /home/sx/githube-repos/php/php-mysql.php:32
Stack trace:
#0 {main}
  thrown in /home/sx/githube-repos/php/php-mysql.php on line 32
[11-Feb-2018 19:04:57 UTC] PHP Fatal error:  Uncaught Error: Call to undefined function errorCode() in /home/sx/githube-repos/php/php-mysql.php:32
Stack trace:
#0 {main}
  thrown in /home/sx/githube-repos/php/php-mysql.php on line 32
[11-Feb-2018 19:05:17 UTC] PHP Fatal error:  Uncaught Error: Call to undefined function errorInfo() in /home/sx/githube-repos/php/php-mysql.php:32
Stack trace:
#0 {main}
  thrown in /home/sx/githube-repos/php/php-mysql.php on line 32
